{"/home/laboratoria-175/000 claudia-laboratoria/0 VISITORS/GDL002-visitors/src/components/Button.js": {"path":"/home/laboratoria-175/000 claudia-laboratoria/0 VISITORS/GDL002-visitors/src/components/Button.js","statementMap":{"0":{"start":{"line":3,"column":24},"end":{"line":5,"column":2}}},"fnMap":{"0":{"name":"(anonymous_0)","decl":{"start":{"line":3,"column":15},"end":{"line":3,"column":16}},"loc":{"start":{"line":3,"column":24},"end":{"line":5,"column":2}},"line":3}},"branchMap":{},"s":{"0":2},"f":{"0":2},"b":{},"_coverageSchema":"43e27e138ebf9cfc5966b082cf9a028302ed4184","hash":"3a8009af77b902dc7c20cac163e6a082a3327da6"}
,"/home/laboratoria-175/000 claudia-laboratoria/0 VISITORS/GDL002-visitors/src/components/input.js": {"path":"/home/laboratoria-175/000 claudia-laboratoria/0 VISITORS/GDL002-visitors/src/components/input.js","statementMap":{"0":{"start":{"line":3,"column":24},"end":{"line":5,"column":2}}},"fnMap":{"0":{"name":"(anonymous_0)","decl":{"start":{"line":3,"column":15},"end":{"line":3,"column":16}},"loc":{"start":{"line":3,"column":24},"end":{"line":5,"column":2}},"line":3}},"branchMap":{},"s":{"0":4},"f":{"0":4},"b":{},"_coverageSchema":"43e27e138ebf9cfc5966b082cf9a028302ed4184","hash":"68ef1e6668a8914022728747edfa87732093ab08"}
,"/home/laboratoria-175/000 claudia-laboratoria/0 VISITORS/GDL002-visitors/src/components/label.js": {"path":"/home/laboratoria-175/000 claudia-laboratoria/0 VISITORS/GDL002-visitors/src/components/label.js","statementMap":{"0":{"start":{"line":3,"column":24},"end":{"line":5,"column":2}}},"fnMap":{"0":{"name":"(anonymous_0)","decl":{"start":{"line":3,"column":15},"end":{"line":3,"column":16}},"loc":{"start":{"line":3,"column":24},"end":{"line":5,"column":2}},"line":3}},"branchMap":{},"s":{"0":5},"f":{"0":5},"b":{},"_coverageSchema":"43e27e138ebf9cfc5966b082cf9a028302ed4184","hash":"f382a3bc70692151e82242ebe03d791ab65a288e"}
,"/home/laboratoria-175/000 claudia-laboratoria/0 VISITORS/GDL002-visitors/src/lib/createElement.js": {"path":"/home/laboratoria-175/000 claudia-laboratoria/0 VISITORS/GDL002-visitors/src/lib/createElement.js","statementMap":{"0":{"start":{"line":2,"column":32},"end":{"line":2,"column":36}},"1":{"start":{"line":3,"column":18},"end":{"line":6,"column":3}},"2":{"start":{"line":7,"column":2},"end":{"line":11,"column":3}},"3":{"start":{"line":8,"column":4},"end":{"line":10,"column":50}},"4":{"start":{"line":9,"column":22},"end":{"line":9,"column":26}},"5":{"start":{"line":12,"column":2},"end":{"line":12,"column":17}}},"fnMap":{"0":{"name":"(anonymous_0)","decl":{"start":{"line":1,"column":15},"end":{"line":1,"column":16}},"loc":{"start":{"line":1,"column":39},"end":{"line":13,"column":1}},"line":1},"1":{"name":"(anonymous_1)","decl":{"start":{"line":9,"column":14},"end":{"line":9,"column":15}},"loc":{"start":{"line":9,"column":22},"end":{"line":9,"column":26}},"line":9}},"branchMap":{"0":{"loc":{"start":{"line":1,"column":25},"end":{"line":1,"column":34}},"type":"default-arg","locations":[{"start":{"line":1,"column":32},"end":{"line":1,"column":34}}],"line":1},"1":{"loc":{"start":{"line":7,"column":2},"end":{"line":11,"column":3}},"type":"if","locations":[{"start":{"line":7,"column":2},"end":{"line":11,"column":3}},{"start":{"line":7,"column":2},"end":{"line":11,"column":3}}],"line":7},"2":{"loc":{"start":{"line":7,"column":6},"end":{"line":7,"column":56}},"type":"binary-expr","locations":[{"start":{"line":7,"column":6},"end":{"line":7,"column":14}},{"start":{"line":7,"column":18},"end":{"line":7,"column":56}}],"line":7}},"s":{"0":12,"1":12,"2":12,"3":1,"4":11,"5":12},"f":{"0":12,"1":11},"b":{"0":[0],"1":[1,11],"2":[12,1]},"_coverageSchema":"43e27e138ebf9cfc5966b082cf9a028302ed4184","hash":"d2d4b0808f722e314a920386d639827ce6edf437"}
,"/home/laboratoria-175/000 claudia-laboratoria/0 VISITORS/GDL002-visitors/src/lib/render.js": {"path":"/home/laboratoria-175/000 claudia-laboratoria/0 VISITORS/GDL002-visitors/src/lib/render.js","statementMap":{"0":{"start":{"line":2,"column":16},"end":{"line":2,"column":29}},"1":{"start":{"line":3,"column":2},"end":{"line":6,"column":3}},"2":{"start":{"line":4,"column":4},"end":{"line":4,"column":45}},"3":{"start":{"line":5,"column":4},"end":{"line":5,"column":30}}},"fnMap":{"0":{"name":"(anonymous_0)","decl":{"start":{"line":1,"column":15},"end":{"line":1,"column":16}},"loc":{"start":{"line":1,"column":38},"end":{"line":7,"column":1}},"line":1}},"branchMap":{"0":{"loc":{"start":{"line":3,"column":2},"end":{"line":6,"column":3}},"type":"if","locations":[{"start":{"line":3,"column":2},"end":{"line":6,"column":3}},{"start":{"line":3,"column":2},"end":{"line":6,"column":3}}],"line":3}},"s":{"0":4,"1":4,"2":3,"3":3},"f":{"0":4},"b":{"0":[3,1]},"_coverageSchema":"43e27e138ebf9cfc5966b082cf9a028302ed4184","hash":"18246eb31df6be6d1aaec607551f57aebcf566da"}
,"/home/laboratoria-175/000 claudia-laboratoria/0 VISITORS/GDL002-visitors/src/pages/LogForm.js": {"path":"/home/laboratoria-175/000 claudia-laboratoria/0 VISITORS/GDL002-visitors/src/pages/LogForm.js","statementMap":{"0":{"start":{"line":7,"column":21},"end":{"line":20,"column":2}}},"fnMap":{"0":{"name":"(anonymous_0)","decl":{"start":{"line":7,"column":15},"end":{"line":7,"column":16}},"loc":{"start":{"line":7,"column":21},"end":{"line":20,"column":2}},"line":7}},"branchMap":{},"s":{"0":1},"f":{"0":1},"b":{},"_coverageSchema":"43e27e138ebf9cfc5966b082cf9a028302ed4184","hash":"6c90272aba754b65306eebef8b675037dc781364"}
}
