TN:
SF:/home/laboratoria-175/000 claudia-laboratoria/0 VISITORS/GDL002-visitors/src/components/Button.js
FN:3,(anonymous_0)
FNF:1
FNH:1
FNDA:2,(anonymous_0)
DA:3,2
LF:1
LH:1
BRF:0
BRH:0
end_of_record
TN:
SF:/home/laboratoria-175/000 claudia-laboratoria/0 VISITORS/GDL002-visitors/src/components/input.js
FN:3,(anonymous_0)
FNF:1
FNH:1
FNDA:4,(anonymous_0)
DA:3,4
LF:1
LH:1
BRF:0
BRH:0
end_of_record
TN:
SF:/home/laboratoria-175/000 claudia-laboratoria/0 VISITORS/GDL002-visitors/src/components/label.js
FN:3,(anonymous_0)
FNF:1
FNH:1
FNDA:5,(anonymous_0)
DA:3,5
LF:1
LH:1
BRF:0
BRH:0
end_of_record
TN:
SF:/home/laboratoria-175/000 claudia-laboratoria/0 VISITORS/GDL002-visitors/src/lib/createElement.js
FN:1,(anonymous_0)
FN:9,(anonymous_1)
FNF:2
FNH:2
FNDA:12,(anonymous_0)
FNDA:11,(anonymous_1)
DA:2,12
DA:3,12
DA:7,12
DA:8,1
DA:9,11
DA:12,12
LF:6
LH:6
BRDA:1,0,0,0
BRDA:7,1,0,1
BRDA:7,1,1,11
BRDA:7,2,0,12
BRDA:7,2,1,1
BRF:5
BRH:4
end_of_record
TN:
SF:/home/laboratoria-175/000 claudia-laboratoria/0 VISITORS/GDL002-visitors/src/lib/render.js
FN:1,(anonymous_0)
FNF:1
FNH:1
FNDA:4,(anonymous_0)
DA:2,4
DA:3,4
DA:4,3
DA:5,3
LF:4
LH:4
BRDA:3,0,0,3
BRDA:3,0,1,1
BRF:2
BRH:2
end_of_record
TN:
SF:/home/laboratoria-175/000 claudia-laboratoria/0 VISITORS/GDL002-visitors/src/pages/LogForm.js
FN:7,(anonymous_0)
FNF:1
FNH:1
FNDA:1,(anonymous_0)
DA:7,1
LF:1
LH:1
BRF:0
BRH:0
end_of_record
