TN:
SF:/home/laboratoria-175/000 claudia-laboratoria/0 VISITORS/GDL002-visitors/src/components/Button.js
FN:3,(anonymous_0)
FNF:1
FNH:1
FNDA:1,(anonymous_0)
DA:3,1
LF:1
LH:1
BRF:0
BRH:0
end_of_record
TN:
SF:/home/laboratoria-175/000 claudia-laboratoria/0 VISITORS/GDL002-visitors/src/components/RegisterButton.js
FN:3,(anonymous_0)
FNF:1
FNH:1
FNDA:1,(anonymous_0)
DA:3,1
LF:1
LH:1
BRF:0
BRH:0
end_of_record
TN:
SF:/home/laboratoria-175/000 claudia-laboratoria/0 VISITORS/GDL002-visitors/src/components/input.js
FN:3,(anonymous_0)
FNF:1
FNH:1
FNDA:4,(anonymous_0)
DA:3,4
LF:1
LH:1
BRF:0
BRH:0
end_of_record
TN:
SF:/home/laboratoria-175/000 claudia-laboratoria/0 VISITORS/GDL002-visitors/src/lib/createElement.js
FN:1,(anonymous_0)
FN:9,(anonymous_1)
FNF:2
FNH:2
FNDA:6,(anonymous_0)
FNDA:6,(anonymous_1)
DA:2,6
DA:3,6
DA:7,6
DA:8,1
DA:9,6
DA:12,6
LF:6
LH:6
BRDA:1,0,0,0
BRDA:7,1,0,1
BRDA:7,1,1,5
BRDA:7,2,0,6
BRDA:7,2,1,1
BRF:5
BRH:4
end_of_record
TN:
SF:/home/laboratoria-175/000 claudia-laboratoria/0 VISITORS/GDL002-visitors/src/lib/render.js
FN:1,(anonymous_0)
FNF:1
FNH:1
FNDA:4,(anonymous_0)
DA:2,4
DA:3,4
DA:4,3
DA:5,3
LF:4
LH:4
BRDA:3,0,0,3
BRDA:3,0,1,1
BRF:2
BRH:2
end_of_record
TN:
SF:/home/laboratoria-175/000 claudia-laboratoria/0 VISITORS/GDL002-visitors/src/pages/LogForm.js
FN:5,(anonymous_0)
FNF:1
FNH:1
FNDA:1,(anonymous_0)
DA:5,1
LF:1
LH:1
BRF:0
BRH:0
end_of_record
